<?xml version="1.0" encoding="UTF-8"?>
<!-- Generated by org.testng.reporters.JUnitReportReporter -->
<testsuite skipped="0" hostname="DESKTOP-RA626OV" name="com.test_classes.make_them_fight.FightBetweenThreeHeroesTest" tests="2" failures="0" timestamp="2020-08-18T17:57:16 IST" time="0.029" errors="0">
  <testcase name="api_09_VerifyMakeHeroFight" time="0.018" classname="com.test_classes.make_them_fight.FightBetweenThreeHeroesTest"/>
  <testcase name="api_09_VerifyMakeHeroFight" time="0.011" classname="com.test_classes.make_them_fight.FightBetweenThreeHeroesTest"/>
</testsuite> <!-- com.test_classes.make_them_fight.FightBetweenThreeHeroesTest -->
