<?xml version="1.0" encoding="UTF-8"?>
<!-- Generated by org.testng.reporters.JUnitReportReporter -->
<testsuite skipped="0" hostname="DESKTOP-RA626OV" name="com.test_classes.ListOfHeroesTest" tests="4" failures="0" timestamp="2020-08-18T17:57:16 IST" time="3.214" errors="0">
  <testcase name="api_01_VerifyListOfHeroes" time="3.119" classname="com.test_classes.ListOfHeroesTest"/>
  <testcase name="api_01_VerifyListOfHeroes" time="0.027" classname="com.test_classes.ListOfHeroesTest"/>
  <testcase name="api_01_VerifyListOfHeroes" time="0.042" classname="com.test_classes.ListOfHeroesTest"/>
  <testcase name="api_01_VerifyListOfHeroes" time="0.026" classname="com.test_classes.ListOfHeroesTest"/>
</testsuite> <!-- com.test_classes.ListOfHeroesTest -->
