<?xml version="1.0" encoding="UTF-8"?>
<!-- Generated by org.testng.reporters.JUnitReportReporter -->
<testsuite skipped="0" hostname="DESKTOP-RA626OV" name="com.test_classes.add_hero_to_fight.AddSingleHeroToFightTest" tests="7" failures="0" timestamp="2020-08-18T17:57:16 IST" time="0.589" errors="0">
  <testcase name="api_03_VerifyAddingSingleHeroToFight" time="0.033" classname="com.test_classes.add_hero_to_fight.AddSingleHeroToFightTest"/>
  <testcase name="api_03_VerifyAddingSingleHeroToFight" time="0.027" classname="com.test_classes.add_hero_to_fight.AddSingleHeroToFightTest"/>
  <testcase name="api_03_VerifyAddingSingleHeroToFight" time="0.038" classname="com.test_classes.add_hero_to_fight.AddSingleHeroToFightTest"/>
  <testcase name="api_03_VerifyAddingSingleHeroToFight" time="0.029" classname="com.test_classes.add_hero_to_fight.AddSingleHeroToFightTest"/>
  <testcase name="api_03_VerifyAddingSingleHeroToFight" time="0.051" classname="com.test_classes.add_hero_to_fight.AddSingleHeroToFightTest"/>
  <testcase name="api_03_VerifyAddingSingleHeroToFight" time="0.088" classname="com.test_classes.add_hero_to_fight.AddSingleHeroToFightTest"/>
  <testcase name="api_03_VerifyAddingSingleHeroToFight" time="0.323" classname="com.test_classes.add_hero_to_fight.AddSingleHeroToFightTest"/>
</testsuite> <!-- com.test_classes.add_hero_to_fight.AddSingleHeroToFightTest -->
