<?xml version="1.0" encoding="UTF-8"?>
<!-- Generated by org.testng.reporters.JUnitReportReporter -->
<testsuite skipped="0" hostname="DESKTOP-RA626OV" name="com.test_classes.add_hero_to_fight.AddMoreThanThreeHeroesToFightTest" tests="7" failures="0" timestamp="2020-08-18T17:57:16 IST" time="0.137" errors="0">
  <testcase name="api_06_VerifyAddingMoreThanThreeHeroesToFight" time="0.019" classname="com.test_classes.add_hero_to_fight.AddMoreThanThreeHeroesToFightTest"/>
  <testcase name="api_06_VerifyAddingMoreThanThreeHeroesToFight" time="0.016" classname="com.test_classes.add_hero_to_fight.AddMoreThanThreeHeroesToFightTest"/>
  <testcase name="api_06_VerifyAddingMoreThanThreeHeroesToFight" time="0.020" classname="com.test_classes.add_hero_to_fight.AddMoreThanThreeHeroesToFightTest"/>
  <testcase name="api_06_VerifyAddingMoreThanThreeHeroesToFight" time="0.022" classname="com.test_classes.add_hero_to_fight.AddMoreThanThreeHeroesToFightTest"/>
  <testcase name="api_06_VerifyAddingMoreThanThreeHeroesToFight" time="0.021" classname="com.test_classes.add_hero_to_fight.AddMoreThanThreeHeroesToFightTest"/>
  <testcase name="api_06_VerifyAddingMoreThanThreeHeroesToFight" time="0.022" classname="com.test_classes.add_hero_to_fight.AddMoreThanThreeHeroesToFightTest"/>
  <testcase name="api_06_VerifyAddingMoreThanThreeHeroesToFight" time="0.017" classname="com.test_classes.add_hero_to_fight.AddMoreThanThreeHeroesToFightTest"/>
</testsuite> <!-- com.test_classes.add_hero_to_fight.AddMoreThanThreeHeroesToFightTest -->
