<?xml version="1.0" encoding="UTF-8"?>
<!-- Generated by org.testng.reporters.JUnitReportReporter -->
<testsuite skipped="0" hostname="DESKTOP-RA626OV" name="com.test_classes.make_them_fight.FightBetweenTwoHeroesTest" tests="1" failures="0" timestamp="2020-08-18T17:57:16 IST" time="0.027" errors="0">
  <testcase name="api_08_VerifyMakeHeroFight" time="0.027" classname="com.test_classes.make_them_fight.FightBetweenTwoHeroesTest"/>
</testsuite> <!-- com.test_classes.make_them_fight.FightBetweenTwoHeroesTest -->
