<?xml version="1.0" encoding="UTF-8"?>
<!-- Generated by org.testng.reporters.JUnitReportReporter -->
<testsuite skipped="0" hostname="DESKTOP-RA626OV" name="com.test_classes.ResetTheFightTest" tests="4" failures="0" timestamp="2020-08-18T17:57:16 IST" time="0.248" errors="0">
  <testcase name="api_10_VerifyResetFight" time="0.047" classname="com.test_classes.ResetTheFightTest"/>
  <testcase name="api_10_VerifyResetFight" time="0.017" classname="com.test_classes.ResetTheFightTest"/>
  <testcase name="api_10_VerifyResetFight" time="0.014" classname="com.test_classes.ResetTheFightTest"/>
  <testcase name="api_10_VerifyResetFight" time="0.170" classname="com.test_classes.ResetTheFightTest"/>
</testsuite> <!-- com.test_classes.ResetTheFightTest -->
