<?xml version="1.0" encoding="UTF-8"?>
<!-- Generated by org.testng.reporters.JUnitReportReporter -->
<testsuite skipped="0" hostname="DESKTOP-RA626OV" name="com.test_classes.add_hero_to_fight.AddThreeHeroesToFightTest" tests="6" failures="0" timestamp="2020-08-18T17:57:16 IST" time="0.151" errors="0">
  <testcase name="api_05_VerifyAddingThreeHeroesToFight" time="0.019" classname="com.test_classes.add_hero_to_fight.AddThreeHeroesToFightTest"/>
  <testcase name="api_05_VerifyAddingThreeHeroesToFight" time="0.025" classname="com.test_classes.add_hero_to_fight.AddThreeHeroesToFightTest"/>
  <testcase name="api_05_VerifyAddingThreeHeroesToFight" time="0.021" classname="com.test_classes.add_hero_to_fight.AddThreeHeroesToFightTest"/>
  <testcase name="api_05_VerifyAddingThreeHeroesToFight" time="0.045" classname="com.test_classes.add_hero_to_fight.AddThreeHeroesToFightTest"/>
  <testcase name="api_05_VerifyAddingThreeHeroesToFight" time="0.022" classname="com.test_classes.add_hero_to_fight.AddThreeHeroesToFightTest"/>
  <testcase name="api_05_VerifyAddingThreeHeroesToFight" time="0.019" classname="com.test_classes.add_hero_to_fight.AddThreeHeroesToFightTest"/>
</testsuite> <!-- com.test_classes.add_hero_to_fight.AddThreeHeroesToFightTest -->
