<?xml version="1.0" encoding="UTF-8"?>
<!-- Generated by org.testng.reporters.JUnitReportReporter -->
<testsuite skipped="0" hostname="DESKTOP-RA626OV" name="com.test_classes.GetOneHeroTest" tests="4" failures="0" timestamp="2020-08-18T17:57:16 IST" time="0.224" errors="0">
  <testcase name="api_02_VerifyOneHeroDetails" time="0.027" classname="com.test_classes.GetOneHeroTest"/>
  <testcase name="api_02_VerifyOneHeroDetails" time="0.083" classname="com.test_classes.GetOneHeroTest"/>
  <testcase name="api_02_VerifyOneHeroDetails" time="0.081" classname="com.test_classes.GetOneHeroTest"/>
  <testcase name="api_02_VerifyOneHeroDetails" time="0.033" classname="com.test_classes.GetOneHeroTest"/>
</testsuite> <!-- com.test_classes.GetOneHeroTest -->
