<?xml version="1.0" encoding="UTF-8"?>
<!-- Generated by org.testng.reporters.JUnitReportReporter -->
<testsuite skipped="0" hostname="DESKTOP-RA626OV" name="com.test_classes.add_hero_to_fight.AddTwoHeroesToFightTest" tests="4" failures="0" timestamp="2020-08-18T17:57:16 IST" time="0.097" errors="0">
  <testcase name="api_04_VerifyAddingTwoHeroesToFight" time="0.025" classname="com.test_classes.add_hero_to_fight.AddTwoHeroesToFightTest"/>
  <testcase name="api_04_VerifyAddingTwoHeroesToFight" time="0.021" classname="com.test_classes.add_hero_to_fight.AddTwoHeroesToFightTest"/>
  <testcase name="api_04_VerifyAddingTwoHeroesToFight" time="0.028" classname="com.test_classes.add_hero_to_fight.AddTwoHeroesToFightTest"/>
  <testcase name="api_04_VerifyAddingTwoHeroesToFight" time="0.023" classname="com.test_classes.add_hero_to_fight.AddTwoHeroesToFightTest"/>
</testsuite> <!-- com.test_classes.add_hero_to_fight.AddTwoHeroesToFightTest -->
